2023/04/18 21:15:12 日志系统已可用,开始激活主框架
2023/04/18 21:15:12 固定时区为 CST +8:00
2023/04/18 21:15:12 启用 Omega Reactor 反应核心
2023/04/18 21:15:12 [30;42m[30;42m SUCCESS [0m[0m [32m[32m镜像存档@omega_storage/worlds/current[0m[0m
2023/04/18 21:15:12 读取配置文件中...
2023/04/18 21:15:12 启用 Game Ctrl 模块
2023/04/18 21:15:12 初始化 Context ...
2023/04/18 21:15:12 初始化组件 ...
2023/04/18 21:15:12 [30;42m[30;42m SUCCESS [0m[0m [32m[32m	正在加载组件   1/ 78 [Core] 假死检测@0.0.1[0m[0m
2023/04/18 21:15:12 [30;42m[30;42m SUCCESS [0m[0m [32m[32m	正在加载组件   2/ 78 [Built-In] 返回主城@0.0.1[0m[0m
2023/04/18 21:15:12 [30;42m[30;42m SUCCESS [0m[0m [32m[32m	正在加载组件   3/ 78 [Core] 改名记录@0.0.1[0m[0m
2023/04/18 21:15:12 [30;43m[30;43m WARNING [0m[0m [33m[33m	跳过加载组件   4/ 78 [Built-In] 设置重生点@0.0.1[0m[0m
2023/04/18 21:15:12 [30;42m[30;42m SUCCESS [0m[0m [32m[32m	正在加载组件   5/ 78 [Built-In] 玩家自杀@0.0.1[0m[0m
2023/04/18 21:15:12 [30;42m[30;42m SUCCESS [0m[0m [32m[32m	正在加载组件   6/ 78 [Built-In] 32k方块检测@0.0.1[0m[0m
2023/04/18 21:15:12 [30;43m[30;43m WARNING [0m[0m [33m[33m	跳过加载组件   7/ 78 [Built-In] OP权限模拟@0.0.1[0m[0m
2023/04/18 21:15:12 [30;42m[30;42m SUCCESS [0m[0m [32m[32m	正在加载组件   8/ 78 [Core] OP权限自检@0.0.1[0m[0m
2023/04/18 21:15:12 [30;42m[30;42m SUCCESS [0m[0m [32m[32m	正在加载组件   9/ 78 [Built-In] OmegaSide旁加载组件系统@0.0.2[0m[0m
2023/04/18 21:15:12 [30;43m[30;43m WARNING [0m[0m [33m[33m	跳过加载组件  10/ 78 [Built-In] 兑换码@0.0.2[0m[0m
2023/04/18 21:15:12 [30;42m[30;42m SUCCESS [0m[0m [32m[32m	正在加载组件  11/ 78 [Built-In] 入服欢迎@0.0.1[0m[0m
2023/04/18 21:15:12 [30;42m[30;42m SUCCESS [0m[0m [32m[32m	正在加载组件  12/ 78 [Built-In] 切换@0.0.2[0m[0m
2023/04/18 21:15:12 [30;43m[30;43m WARNING [0m[0m [33m[33m	跳过加载组件  13/ 78 [Built-In] 切换@0.0.2[0m[0m
2023/04/18 21:15:12 [30;43m[30;43m WARNING [0m[0m [33m[33m	跳过加载组件  14/ 78 [Built-In] 切换@0.0.2[0m[0m
2023/04/18 21:15:12 [30;42m[30;42m SUCCESS [0m[0m [32m[32m	正在加载组件  15/ 78 [Built-In] 刷怪笼检测@0.0.1[0m[0m
2023/04/18 21:15:12 [30;42m[30;42m SUCCESS [0m[0m [32m[32m	正在加载组件  16/ 78 [Built-In] 区域扫描@0.0.1[0m[0m
2023/04/18 21:15:12 [30;42m[30;42m SUCCESS [0m[0m [32m[32m	正在加载组件  17/ 78 [Built-In] 反馈信息@0.0.1[0m[0m
2023/04/18 21:15:12 [30;42m[30;42m SUCCESS [0m[0m [32m[32m	正在加载组件  18/ 78 [Built-In] 发言频率限制@0.0.1[0m[0m
2023/04/18 21:15:12 [30;42m[30;42m SUCCESS [0m[0m [32m[32m	正在加载组件  19/ 78 [Built-In] 同步退出@0.0.1[0m[0m
2023/04/18 21:15:12 [30;43m[30;43m WARNING [0m[0m [33m[33m	跳过加载组件  20/ 78 [Built-In] 商店@0.0.1[0m[0m
2023/04/18 21:15:12 [30;43m[30;43m WARNING [0m[0m [33m[33m	跳过加载组件  21/ 78 [Built-In] 存档修复@0.0.1[0m[0m
2023/04/18 21:15:12 [30;43m[30;43m WARNING [0m[0m [33m[33m	跳过加载组件  22/ 78 [Built-In] 封禁时间@0.0.1[0m[0m
2023/04/18 21:15:12 [30;43m[30;43m WARNING [0m[0m [33m[33m	跳过加载组件  23/ 78 [Built-In] 小木斧@0.0.1[0m[0m
2023/04/18 21:15:12 [30;43m[30;43m WARNING [0m[0m [33m[33m	跳过加载组件  24/ 78 [Built-In] 小说阅读器@0.0.1[0m[0m
2023/04/18 21:15:12 [30;43m[30;43m WARNING [0m[0m [33m[33m	跳过加载组件  25/ 78 [Built-In] 快递系统@0.0.1[0m[0m
2023/04/18 21:15:12 [30;42m[30;42m SUCCESS [0m[0m [32m[32m	正在加载组件  26/ 78 [Core] 性能分析@0.0.1[0m[0m
2023/04/18 21:15:12 [30;42m[30;42m SUCCESS [0m[0m [32m[32m	正在加载组件  27/ 78 [Built-In] 手持32k检测@0.0.1[0m[0m
2023/04/18 21:15:12 [30;42m[30;42m SUCCESS [0m[0m [32m[32m	正在加载组件  28/ 78 [Core] 指令发送@0.0.2[0m[0m
2023/04/18 21:15:12 [30;43m[30;43m WARNING [0m[0m [33m[33m	跳过加载组件  29/ 78 [Built-In] 排行榜@0.0.2[0m[0m
2023/04/18 21:15:12 [30;43m[30;43m WARNING [0m[0m [33m[33m	跳过加载组件  30/ 78 [Built-In] 数据包捕获@0.0.2[0m[0m
2023/04/18 21:15:12 [30;42m[30;42m SUCCESS [0m[0m [32m[32m	正在加载组件  31/ 78 [Core] 数据库导入导出工具@0.0.1[0m[0m
2023/04/18 21:15:12 [30;42m[30;42m SUCCESS [0m[0m [32m[32m	正在加载组件  32/ 78 [Built-In] 时间同步@0.0.1[0m[0m
2023/04/18 21:15:12 [30;43m[30;43m WARNING [0m[0m [33m[33m	跳过加载组件  33/ 78 [Built-In] 服服互通@0.0.5[0m[0m
2023/04/18 21:15:12 [30;43m[30;43m WARNING [0m[0m [33m[33m	跳过加载组件  34/ 78 [Built-In] 每日签到@0.0.1[0m[0m
2023/04/18 21:15:12 [30;43m[30;43m WARNING [0m[0m [33m[33m	跳过加载组件  35/ 78 [Built-In] 消除方块@0.0.1[0m[0m
2023/04/18 21:15:12 [30;43m[30;43m WARNING [0m[0m [33m[33m	跳过加载组件  36/ 78 [Built-In] 物品回收@0.0.1[0m[0m
2023/04/18 21:15:12 [30;43m[30;43m WARNING [0m[0m [33m[33m	跳过加载组件  37/ 78 [Built-In] 玩家互传@0.0.1[0m[0m
2023/04/18 21:15:12 [30;42m[30;42m SUCCESS [0m[0m [32m[32m	正在加载组件  38/ 78 [Built-In] 玩家信息@0.0.1[0m[0m
2023/04/18 21:15:12 [30;43m[30;43m WARNING [0m[0m [33m[33m	跳过加载组件  39/ 78 [Built-In] 玩家商店@0.0.1[0m[0m
2023/04/18 21:15:12 [30;42m[30;42m SUCCESS [0m[0m [32m[32m	正在加载组件  40/ 78 [Built-In] 玩家留言@0.0.1[0m[0m
2023/04/18 21:15:12 [30;43m[30;43m WARNING [0m[0m [33m[33m	跳过加载组件  41/ 78 [Built-In] 玩家转账@0.0.1[0m[0m
2023/04/18 21:15:12 [30;43m[30;43m WARNING [0m[0m [33m[33m	跳过加载组件  42/ 78 [Built-In] 皮肤检查@0.0.2[0m[0m
2023/04/18 21:15:12 [30;43m[30;43m WARNING [0m[0m [33m[33m	跳过加载组件  43/ 78 [Built-In] 第三方_by温柔_优化版本雪球菜单组件@0.0.1[0m[0m
2023/04/18 21:15:12 [30;43m[30;43m WARNING [0m[0m [33m[33m	跳过加载组件  44/ 78 [Built-In] 第三方_by温柔_地皮组件@0.0.1[0m[0m
2023/04/18 21:15:12 [30;43m[30;43m WARNING [0m[0m [33m[33m	跳过加载组件  45/ 78 [Built-In] 简单自定义指令@0.0.2[0m[0m
2023/04/18 21:15:12 [30;42m[30;42m SUCCESS [0m[0m [32m[32m	正在加载组件  46/ 78 [Built-In] 简单自定义指令@0.0.2[0m[0m
2023/04/18 21:15:12 [30;42m[30;42m SUCCESS [0m[0m [32m[32m	正在加载组件  47/ 78 [Built-In] 管理员检测@0.0.1[0m[0m
2023/04/18 21:15:12 [30;42m[30;42m SUCCESS [0m[0m [32m[32m	正在加载组件  48/ 78 [Built-In] 系统上线提示@0.0.1[0m[0m
2023/04/18 21:15:12 [30;43m[30;43m WARNING [0m[0m [33m[33m	跳过加载组件  49/ 78 [Built-In] 群服互通@0.0.2[0m[0m
2023/04/18 21:15:12 [30;42m[30;42m SUCCESS [0m[0m [32m[32m	正在加载组件  50/ 78 [Built-In] 聊天记录@0.0.1[0m[0m
2023/04/18 21:15:12 [30;43m[30;43m WARNING [0m[0m [33m[33m	跳过加载组件  51/ 78 [Built-In] 自助建筑备份@0.0.1[0m[0m
2023/04/18 21:15:12 [30;43m[30;43m WARNING [0m[0m [33m[33m	跳过加载组件  52/ 78 [Built-In] 自定义传送点@0.0.2[0m[0m
2023/04/18 21:15:12 [30;42m[30;42m SUCCESS [0m[0m [32m[32m	正在加载组件  53/ 78 [Core] 菜单显示@0.0.2[0m[0m
2023/04/18 21:15:12 [30;43m[30;43m WARNING [0m[0m [33m[33m	跳过加载组件  54/ 78 [Built-In] 计分板UID追踪@0.0.1[0m[0m
2023/04/18 21:15:12 [30;42m[30;42m SUCCESS [0m[0m [32m[32m	正在加载组件  55/ 78 [Built-In] 计划任务@0.0.1[0m[0m
2023/04/18 21:15:12 [30;43m[30;43m WARNING [0m[0m [33m[33m	跳过加载组件  56/ 78 [Built-In] 计划任务@0.0.1[0m[0m
2023/04/18 21:15:12 [30;43m[30;43m WARNING [0m[0m [33m[33m	跳过加载组件  57/ 78 [Built-In] 计划任务@0.0.1[0m[0m
2023/04/18 21:15:12 [30;43m[30;43m WARNING [0m[0m [33m[33m	跳过加载组件  58/ 78 [Built-In] 计划任务@0.0.1[0m[0m
2023/04/18 21:15:12 [30;42m[30;42m SUCCESS [0m[0m [32m[32m	正在加载组件  59/ 78 [Built-In] 踢人@0.0.1[0m[0m
2023/04/18 21:15:12 [30;42m[30;42m SUCCESS [0m[0m [32m[32m	正在加载组件  60/ 78 [Built-In] 返回死亡点@0.0.1[0m[0m
2023/04/18 21:15:12 [30;42m[30;42m SUCCESS [0m[0m [32m[32m	正在加载组件  61/ 78 [Built-In] 违规昵称检测@0.0.1[0m[0m
2023/04/18 21:15:12 [30;42m[30;42m SUCCESS [0m[0m [32m[32m	正在加载组件  62/ 78 [Core] 随机巡逻@0.0.2[0m[0m
2023/04/18 21:15:12 [30;43m[30;43m WARNING [0m[0m [33m[33m	跳过加载组件  63/ 78 [Built-In] 高频红石检查@0.0.1[0m[0m
2023/04/18 21:15:12 [30;43m[30;43m WARNING [0m[0m [33m[33m	跳过加载组件  64/ 78 [第三方] 2401PT::喵喵喵@0.0.1[0m[0m
2023/04/18 21:15:12 [30;43m[30;43m WARNING [0m[0m [33m[33m	跳过加载组件  65/ 78 [第三方] Happy2018new::记录方块改动日志@0.0.1[0m[0m
2023/04/18 21:15:12 [30;43m[30;43m WARNING [0m[0m [33m[33m	跳过加载组件  66/ 78 [第三方] Liliya233::入睡检测@0.0.1[0m[0m
2023/04/18 21:15:12 [30;43m[30;43m WARNING [0m[0m [33m[33m	跳过加载组件  67/ 78 [第三方] Liliya233::挂机检测@0.0.1[0m[0m
2023/04/18 21:15:12 [30;43m[30;43m WARNING [0m[0m [33m[33m	跳过加载组件  68/ 78 [第三方] Liliya233::能力管理@0.0.1[0m[0m
2023/04/18 21:15:12 [30;43m[30;43m WARNING [0m[0m [33m[33m	跳过加载组件  69/ 78 [第三方] Liliya233::选取方块@0.0.1[0m[0m
2023/04/18 21:15:12 [30;43m[30;43m WARNING [0m[0m [33m[33m	跳过加载组件  70/ 78 [第三方] Liliya233::频服互通@0.0.1[0m[0m
2023/04/18 21:15:12 [30;43m[30;43m WARNING [0m[0m [33m[33m	跳过加载组件  71/ 78 [第三方] 温柔::Pvp系统@0.0.2[0m[0m
2023/04/18 21:15:12 [30;43m[30;43m WARNING [0m[0m [33m[33m	跳过加载组件  72/ 78 [第三方] 温柔::抽奖@0.0.6[0m[0m
2023/04/18 21:15:12 [30;43m[30;43m WARNING [0m[0m [33m[33m	跳过加载组件  73/ 78 [第三方] 温柔::无前缀简单自定义指令@0.0.1[0m[0m
2023/04/18 21:15:12 [30;43m[30;43m WARNING [0m[0m [33m[33m	跳过加载组件  74/ 78 [第三方] 温柔::王国系统@0.0.1[0m[0m
2023/04/18 21:15:12 [30;43m[30;43m WARNING [0m[0m [33m[33m	跳过加载组件  75/ 78 [第三方] 温柔::自定义附魔升级系统@0.0.1[0m[0m
2023/04/18 21:15:12 [30;43m[30;43m WARNING [0m[0m [33m[33m	跳过加载组件  76/ 78 [第三方] 温柔::虚拟称号系统@0.0.2[0m[0m
2023/04/18 21:15:12 [30;43m[30;43m WARNING [0m[0m [33m[33m	跳过加载组件  77/ 78 [第三方] 温柔::虚拟装备系统@0.0.2[0m[0m
2023/04/18 21:15:12 [30;43m[30;43m WARNING [0m[0m [33m[33m	跳过加载组件  78/ 78 [第三方] 温柔::银行系统@0.0.2[0m[0m
2023/04/18 21:15:12 激活组件并挂载组件 Post Process Task ...
2023/04/18 21:15:12 全部完成，系统启动
2023/04/18 21:15:12 返回死亡点需要关闭立即重生
2023/04/18 21:15:14 [9] :{"rawtext":[{"text":"§b§l『§6小蛋服务器欢迎您§b』:§a玩家-§e"},{"text":"DotCS面板人"},{"text":"§a-进入了服务器，热烈欢迎！"}]}
2023/04/18 21:15:17 当前已经在线玩家: [DotCS面板人]
